Determining if the pthread_create exist failed with the following output:
Change Dir: /home/kevin/projetIntegration/build/CMakeFiles/CMakeTmp

Run Build Command:"/usr/bin/make" "cmTC_38f2f/fast"
/usr/bin/make -f CMakeFiles/cmTC_38f2f.dir/build.make CMakeFiles/cmTC_38f2f.dir/build
make[1]: Entering directory '/home/kevin/projetIntegration/build/CMakeFiles/CMakeTmp'
Building C object CMakeFiles/cmTC_38f2f.dir/CheckSymbolExists.c.o
/usr/bin/cc    -o CMakeFiles/cmTC_38f2f.dir/CheckSymbolExists.c.o   -c /home/kevin/projetIntegration/build/CMakeFiles/CMakeTmp/CheckSymbolExists.c
Linking C executable cmTC_38f2f
/usr/bin/cmake -E cmake_link_script CMakeFiles/cmTC_38f2f.dir/link.txt --verbose=1
/usr/bin/cc      -rdynamic CMakeFiles/cmTC_38f2f.dir/CheckSymbolExists.c.o  -o cmTC_38f2f 
CMakeFiles/cmTC_38f2f.dir/CheckSymbolExists.c.o: In function `main':
CheckSymbolExists.c:(.text+0x1b): undefined reference to `pthread_create'
collect2: error: ld returned 1 exit status
CMakeFiles/cmTC_38f2f.dir/build.make:97: recipe for target 'cmTC_38f2f' failed
make[1]: *** [cmTC_38f2f] Error 1
make[1]: Leaving directory '/home/kevin/projetIntegration/build/CMakeFiles/CMakeTmp'
Makefile:126: recipe for target 'cmTC_38f2f/fast' failed
make: *** [cmTC_38f2f/fast] Error 2

File /home/kevin/projetIntegration/build/CMakeFiles/CMakeTmp/CheckSymbolExists.c:
/* */
#include <pthread.h>

int main(int argc, char** argv)
{
  (void)argv;
#ifndef pthread_create
  return ((int*)(&pthread_create))[argc];
#else
  (void)argc;
  return 0;
#endif
}

Determining if the function pthread_create exists in the pthreads failed with the following output:
Change Dir: /home/kevin/projetIntegration/build/CMakeFiles/CMakeTmp

Run Build Command:"/usr/bin/make" "cmTC_652a4/fast"
/usr/bin/make -f CMakeFiles/cmTC_652a4.dir/build.make CMakeFiles/cmTC_652a4.dir/build
make[1]: Entering directory '/home/kevin/projetIntegration/build/CMakeFiles/CMakeTmp'
Building C object CMakeFiles/cmTC_652a4.dir/CheckFunctionExists.c.o
/usr/bin/cc   -DCHECK_FUNCTION_EXISTS=pthread_create   -o CMakeFiles/cmTC_652a4.dir/CheckFunctionExists.c.o   -c /usr/share/cmake-3.10/Modules/CheckFunctionExists.c
Linking C executable cmTC_652a4
/usr/bin/cmake -E cmake_link_script CMakeFiles/cmTC_652a4.dir/link.txt --verbose=1
/usr/bin/cc  -DCHECK_FUNCTION_EXISTS=pthread_create    -rdynamic CMakeFiles/cmTC_652a4.dir/CheckFunctionExists.c.o  -o cmTC_652a4 -lpthreads 
/usr/bin/ld: cannot find -lpthreads
collect2: error: ld returned 1 exit status
CMakeFiles/cmTC_652a4.dir/build.make:97: recipe for target 'cmTC_652a4' failed
make[1]: *** [cmTC_652a4] Error 1
make[1]: Leaving directory '/home/kevin/projetIntegration/build/CMakeFiles/CMakeTmp'
Makefile:126: recipe for target 'cmTC_652a4/fast' failed
make: *** [cmTC_652a4/fast] Error 2


